<?xml version="1.0" encoding="UTF-8"?>
<testng-results ignored="0" total="6" passed="6" failed="0" skipped="0">
  <reporter-output>
  </reporter-output>
  <suite started-at="2023-03-09T13:10:32 IST" name="Default suite" finished-at="2023-03-09T13:14:00 IST" duration-ms="208321">
    <groups>
      <group name="cucumber">
        <method signature="AbstractTestNGCucumberTests.runScenario(io.cucumber.testng.PickleWrapper,io.cucumber.testng.FeatureWrapper)[pri:0, instance:runner.runner@72e5a8e]" name="runScenario" class="io.cucumber.testng.AbstractTestNGCucumberTests"/>
      </group> <!-- cucumber -->
    </groups>
    <test started-at="2023-03-09T13:10:32 IST" name="Default test" finished-at="2023-03-09T13:14:00 IST" duration-ms="208321">
      <class name="runner.runner">
        <test-method is-config="true" signature="setUpClass(org.testng.ITestContext)[pri:0, instance:runner.runner@72e5a8e]" started-at="2023-03-09T13:10:32 IST" name="setUpClass" finished-at="2023-03-09T13:10:33 IST" duration-ms="769" status="PASS">
          <params>
            <param index="0">
              <value>
                <![CDATA[org.testng.TestRunner@46994f26]]>
              </value>
            </param>
          </params>
          <reporter-output>
          </reporter-output>
        </test-method> <!-- setUpClass -->
        <test-method signature="runScenario(io.cucumber.testng.PickleWrapper,io.cucumber.testng.FeatureWrapper)[pri:0, instance:runner.runner@72e5a8e]" started-at="2023-03-09T13:10:33 IST" name="runScenario" description="Runs Cucumber Scenarios" data-provider="scenarios" finished-at="2023-03-09T13:11:00 IST" duration-ms="27343" status="PASS">
          <params>
            <param index="0">
              <value>
                <![CDATA["setting one shot alarm"]]>
              </value>
            </param>
            <param index="1">
              <value>
                <![CDATA["Set alarm in api demos app"]]>
              </value>
            </param>
          </params>
          <reporter-output>
          </reporter-output>
        </test-method> <!-- runScenario -->
        <test-method signature="runScenario(io.cucumber.testng.PickleWrapper,io.cucumber.testng.FeatureWrapper)[pri:0, instance:runner.runner@72e5a8e]" started-at="2023-03-09T13:11:00 IST" name="runScenario" description="Runs Cucumber Scenarios" data-provider="scenarios" finished-at="2023-03-09T13:11:54 IST" duration-ms="54413" status="PASS">
          <params>
            <param index="0">
              <value>
                <![CDATA["changing the wallpaper of device"]]>
              </value>
            </param>
            <param index="1">
              <value>
                <![CDATA["Change device wallpaper"]]>
              </value>
            </param>
          </params>
          <reporter-output>
          </reporter-output>
        </test-method> <!-- runScenario -->
        <test-method signature="runScenario(io.cucumber.testng.PickleWrapper,io.cucumber.testng.FeatureWrapper)[pri:0, instance:runner.runner@72e5a8e]" started-at="2023-03-09T13:11:54 IST" name="runScenario" description="Runs Cucumber Scenarios" data-provider="scenarios" finished-at="2023-03-09T13:12:24 IST" duration-ms="29942" status="PASS">
          <params>
            <param index="0">
              <value>
                <![CDATA["playing audio from resources"]]>
              </value>
            </param>
            <param index="1">
              <value>
                <![CDATA["play media in api demos app"]]>
              </value>
            </param>
          </params>
          <reporter-output>
          </reporter-output>
        </test-method> <!-- runScenario -->
        <test-method signature="runScenario(io.cucumber.testng.PickleWrapper,io.cucumber.testng.FeatureWrapper)[pri:0, instance:runner.runner@72e5a8e]" started-at="2023-03-09T13:12:24 IST" name="runScenario" description="Runs Cucumber Scenarios" data-provider="scenarios" finished-at="2023-03-09T13:12:49 IST" duration-ms="24933" status="PASS">
          <params>
            <param index="0">
              <value>
                <![CDATA["playing video from local file"]]>
              </value>
            </param>
            <param index="1">
              <value>
                <![CDATA["play media in api demos app"]]>
              </value>
            </param>
          </params>
          <reporter-output>
          </reporter-output>
        </test-method> <!-- runScenario -->
        <test-method signature="runScenario(io.cucumber.testng.PickleWrapper,io.cucumber.testng.FeatureWrapper)[pri:0, instance:runner.runner@72e5a8e]" started-at="2023-03-09T13:12:49 IST" name="runScenario" description="Runs Cucumber Scenarios" data-provider="scenarios" finished-at="2023-03-09T13:13:27 IST" duration-ms="37223" status="PASS">
          <params>
            <param index="0">
              <value>
                <![CDATA["sending sms messages in api demos app"]]>
              </value>
            </param>
            <param index="1">
              <value>
                <![CDATA["sms messaging in api demos app"]]>
              </value>
            </param>
          </params>
          <reporter-output>
          </reporter-output>
        </test-method> <!-- runScenario -->
        <test-method signature="runScenario(io.cucumber.testng.PickleWrapper,io.cucumber.testng.FeatureWrapper)[pri:0, instance:runner.runner@72e5a8e]" started-at="2023-03-09T13:13:27 IST" name="runScenario" description="Runs Cucumber Scenarios" data-provider="scenarios" finished-at="2023-03-09T13:14:00 IST" duration-ms="33233" status="PASS">
          <params>
            <param index="0">
              <value>
                <![CDATA["testing text to speech functionality"]]>
              </value>
            </param>
            <param index="1">
              <value>
                <![CDATA["text to speech in api demos app"]]>
              </value>
            </param>
          </params>
          <reporter-output>
          </reporter-output>
        </test-method> <!-- runScenario -->
        <test-method is-config="true" signature="tearDownClass()[pri:0, instance:runner.runner@72e5a8e]" started-at="2023-03-09T13:14:00 IST" name="tearDownClass" finished-at="2023-03-09T13:14:00 IST" duration-ms="428" status="PASS">
          <reporter-output>
          </reporter-output>
        </test-method> <!-- tearDownClass -->
      </class> <!-- runner.runner -->
    </test> <!-- Default test -->
  </suite> <!-- Default suite -->
</testng-results>
